<?xml version="1.0" encoding="UTF-8"?>
<testng-results ignored="0" total="2" passed="2" failed="0" skipped="0">
  <reporter-output>
  </reporter-output>
  <suite started-at="2024-07-16T23:40:22 IST" name="Default suite" finished-at="2024-07-16T23:40:25 IST" duration-ms="3035">
    <groups>
      <group name="cucumber">
        <method signature="AbstractTestNGCucumberTests.runScenario(io.cucumber.testng.PickleWrapper,io.cucumber.testng.FeatureWrapper)[pri:0, instance:runnerfiles.Runner$TestNgRunner@60099951]" name="runScenario" class="io.cucumber.testng.AbstractTestNGCucumberTests"/>
      </group> <!-- cucumber -->
    </groups>
    <test started-at="2024-07-16T23:40:22 IST" name="Default test" finished-at="2024-07-16T23:40:25 IST" duration-ms="3035">
      <class name="runnerfiles.Runner$TestNgRunner">
        <test-method is-config="true" signature="setUpClass(org.testng.ITestContext)[pri:0, instance:runnerfiles.Runner$TestNgRunner@60099951]" started-at="2024-07-16T23:40:22 IST" name="setUpClass" finished-at="2024-07-16T23:40:22 IST" duration-ms="188" status="PASS">
          <params>
            <param index="0">
              <value>
                <![CDATA[org.testng.TestRunner@71936a92]]>
              </value>
            </param>
          </params>
          <reporter-output>
          </reporter-output>
        </test-method> <!-- setUpClass -->
        <test-method signature="runScenario(io.cucumber.testng.PickleWrapper,io.cucumber.testng.FeatureWrapper)[pri:0, instance:runnerfiles.Runner$TestNgRunner@60099951]" started-at="2024-07-16T23:40:22 IST" name="runScenario" description="Runs Cucumber Scenarios" data-provider="scenarios" finished-at="2024-07-16T23:40:24 IST" duration-ms="2273" status="PASS">
          <params>
            <param index="0">
              <value>
                <![CDATA["Add new place into Server"]]>
              </value>
            </param>
            <param index="1">
              <value>
                <![CDATA["Validating Add place API"]]>
              </value>
            </param>
          </params>
          <reporter-output>
          </reporter-output>
        </test-method> <!-- runScenario -->
        <test-method signature="runScenario(io.cucumber.testng.PickleWrapper,io.cucumber.testng.FeatureWrapper)[pri:0, instance:runnerfiles.Runner$TestNgRunner@60099951]" started-at="2024-07-16T23:40:24 IST" name="runScenario" description="Runs Cucumber Scenarios" data-provider="scenarios" finished-at="2024-07-16T23:40:25 IST" duration-ms="509" status="PASS">
          <params>
            <param index="0">
              <value>
                <![CDATA["Add new place into Server"]]>
              </value>
            </param>
            <param index="1">
              <value>
                <![CDATA["Validating Add place API"]]>
              </value>
            </param>
          </params>
          <reporter-output>
          </reporter-output>
        </test-method> <!-- runScenario -->
        <test-method is-config="true" signature="tearDownClass()[pri:0, instance:runnerfiles.Runner$TestNgRunner@60099951]" started-at="2024-07-16T23:40:25 IST" name="tearDownClass" finished-at="2024-07-16T23:40:25 IST" duration-ms="16" status="PASS">
          <reporter-output>
          </reporter-output>
        </test-method> <!-- tearDownClass -->
      </class> <!-- runnerfiles.Runner$TestNgRunner -->
    </test> <!-- Default test -->
  </suite> <!-- Default suite -->
</testng-results>
